0 info it worked if it ends with ok
1 verbose cli [ 'D:\\node\\node.exe',
1 verbose cli   'D:\\node\\node_modules\\npm\\bin\\npm-cli.js',
1 verbose cli   'run',
1 verbose cli   'start' ]
2 info using npm@3.10.10
3 info using node@v6.10.2
4 verbose run-script [ 'prestart', 'start', 'poststart' ]
5 info lifecycle news@0.1.0~prestart: news@0.1.0
6 silly lifecycle news@0.1.0~prestart: no script for prestart, continuing
7 info lifecycle news@0.1.0~start: news@0.1.0
8 verbose lifecycle news@0.1.0~start: unsafe-perm in lifecycle true
9 verbose lifecycle news@0.1.0~start: PATH: D:\node\node_modules\npm\bin\node-gyp-bin;D:\实训\练习\fresh\node_modules\.bin;C:\Windows\system32;C:\Windows;C:\Windows\System32\Wbem;C:\Windows\System32\WindowsPowerShell\v1.0\;C:\Program Files (x86)\Common Files\lenovo\easyplussdk\bin;C:\Program Files (x86)\ATI Technologies\ATI.ACE\Core-Static;D:\node\;C:\Program Files\Git\cmd;C:\Users\12\AppData\Roaming\npm;D:\编辑器\Microsoft VS Code\bin
10 verbose lifecycle news@0.1.0~start: CWD: D:\实训\练习\fresh
11 silly lifecycle news@0.1.0~start: Args: [ '/d /s /c', 'node scripts/start.js' ]
12 silly lifecycle news@0.1.0~start: Returned: code: 3221225786  signal: null
13 info lifecycle news@0.1.0~start: Failed to exec start script
14 verbose stack Error: news@0.1.0 start: `node scripts/start.js`
14 verbose stack Exit status 3221225786
14 verbose stack     at EventEmitter.<anonymous> (D:\node\node_modules\npm\lib\utils\lifecycle.js:255:16)
14 verbose stack     at emitTwo (events.js:106:13)
14 verbose stack     at EventEmitter.emit (events.js:191:7)
14 verbose stack     at ChildProcess.<anonymous> (D:\node\node_modules\npm\lib\utils\spawn.js:40:14)
14 verbose stack     at emitTwo (events.js:106:13)
14 verbose stack     at ChildProcess.emit (events.js:191:7)
14 verbose stack     at maybeClose (internal/child_process.js:886:16)
14 verbose stack     at Process.ChildProcess._handle.onexit (internal/child_process.js:226:5)
15 verbose pkgid news@0.1.0
16 verbose cwd D:\实训\练习\fresh
17 error Windows_NT 10.0.10586
18 error argv "D:\\node\\node.exe" "D:\\node\\node_modules\\npm\\bin\\npm-cli.js" "run" "start"
19 error node v6.10.2
20 error npm  v3.10.10
21 error code ELIFECYCLE
22 error news@0.1.0 start: `node scripts/start.js`
22 error Exit status 3221225786
23 error Failed at the news@0.1.0 start script 'node scripts/start.js'.
23 error Make sure you have the latest version of node.js and npm installed.
23 error If you do, this is most likely a problem with the news package,
23 error not with npm itself.
23 error Tell the author that this fails on your system:
23 error     node scripts/start.js
23 error You can get information on how to open an issue for this project with:
23 error     npm bugs news
23 error Or if that isn't available, you can get their info via:
23 error     npm owner ls news
23 error There is likely additional logging output above.
24 verbose exit [ 1, true ]
